[08:13:07] [main/INFO] [GradleStart]: username: asolitarywolf
[08:13:07] [main/INFO] [GradleStart]: Extra: []
[08:13:07] [main/INFO] [GradleStart]: Running with arguments: [--userProperties, {}, --username, asolitarywolf, --accessToken, {REDACTED}, --assetIndex, 1.7.10, --assetsDir, C:/Users/Phil/.gradle/caches/minecraft/assets, --version, 1.7.10, --tweakClass, cpw.mods.fml.common.launcher.FMLTweaker, --tweakClass, net.minecraftforge.gradle.tweakers.CoremodTweaker]
[08:13:07] [main/INFO] [LaunchWrapper]: Loading tweak class name cpw.mods.fml.common.launcher.FMLTweaker
[08:13:07] [main/INFO] [LaunchWrapper]: Using primary tweak class name cpw.mods.fml.common.launcher.FMLTweaker
[08:13:07] [main/INFO] [LaunchWrapper]: Loading tweak class name net.minecraftforge.gradle.tweakers.CoremodTweaker
[08:13:07] [main/INFO] [LaunchWrapper]: Calling tweak class cpw.mods.fml.common.launcher.FMLTweaker
[08:26:16] [main/INFO] [GradleStart]: username: asolitarywolf
[08:26:16] [main/INFO] [GradleStart]: Extra: []
[08:26:16] [main/INFO] [GradleStart]: Running with arguments: [--userProperties, {}, --username, asolitarywolf, --accessToken, {REDACTED}, --assetIndex, 1.7.10, --assetsDir, C:/Users/Phil/.gradle/caches/minecraft/assets, --version, 1.7.10, --tweakClass, cpw.mods.fml.common.launcher.FMLTweaker, --tweakClass, net.minecraftforge.gradle.tweakers.CoremodTweaker]
[08:26:16] [main/INFO] [LaunchWrapper]: Loading tweak class name cpw.mods.fml.common.launcher.FMLTweaker
[08:26:16] [main/INFO] [LaunchWrapper]: Using primary tweak class name cpw.mods.fml.common.launcher.FMLTweaker
[08:26:16] [main/INFO] [LaunchWrapper]: Loading tweak class name net.minecraftforge.gradle.tweakers.CoremodTweaker
[08:26:16] [main/INFO] [LaunchWrapper]: Calling tweak class cpw.mods.fml.common.launcher.FMLTweaker
[08:36:52] [main/INFO] [GradleStart]: username: asolitarywolf
[08:36:52] [main/INFO] [GradleStart]: Extra: []
[08:36:52] [main/INFO] [GradleStart]: Running with arguments: [--userProperties, {}, --username, asolitarywolf, --accessToken, {REDACTED}, --assetIndex, 1.7.10, --assetsDir, C:/Users/Phil/.gradle/caches/minecraft/assets, --version, 1.7.10, --tweakClass, cpw.mods.fml.common.launcher.FMLTweaker, --tweakClass, net.minecraftforge.gradle.tweakers.CoremodTweaker]
[08:36:52] [main/INFO] [LaunchWrapper]: Loading tweak class name cpw.mods.fml.common.launcher.FMLTweaker
[08:36:52] [main/INFO] [LaunchWrapper]: Using primary tweak class name cpw.mods.fml.common.launcher.FMLTweaker
[08:36:52] [main/INFO] [LaunchWrapper]: Loading tweak class name net.minecraftforge.gradle.tweakers.CoremodTweaker
[08:36:52] [main/INFO] [LaunchWrapper]: Calling tweak class cpw.mods.fml.common.launcher.FMLTweaker
[08:38:20] [main/INFO] [GradleStart]: username: asolitarywolf
[08:38:20] [main/INFO] [GradleStart]: Extra: []
[08:38:20] [main/INFO] [GradleStart]: Running with arguments: [--userProperties, {}, --username, asolitarywolf, --accessToken, {REDACTED}, --assetIndex, 1.7.10, --assetsDir, C:/Users/Phil/.gradle/caches/minecraft/assets, --version, 1.7.10, --tweakClass, cpw.mods.fml.common.launcher.FMLTweaker, --tweakClass, net.minecraftforge.gradle.tweakers.CoremodTweaker]
[08:38:20] [main/INFO] [LaunchWrapper]: Loading tweak class name cpw.mods.fml.common.launcher.FMLTweaker
[08:38:21] [main/INFO] [LaunchWrapper]: Using primary tweak class name cpw.mods.fml.common.launcher.FMLTweaker
[08:38:21] [main/INFO] [LaunchWrapper]: Loading tweak class name net.minecraftforge.gradle.tweakers.CoremodTweaker
[08:38:21] [main/INFO] [LaunchWrapper]: Calling tweak class cpw.mods.fml.common.launcher.FMLTweaker
[09:06:07] [main/INFO] [GradleStart]: username: asolitarywolf
[09:06:07] [main/INFO] [GradleStart]: Extra: []
[09:06:07] [main/INFO] [GradleStart]: Running with arguments: [--userProperties, {}, --username, asolitarywolf, --accessToken, {REDACTED}, --assetIndex, 1.7.10, --assetsDir, C:/Users/Phil/.gradle/caches/minecraft/assets, --version, 1.7.10, --tweakClass, cpw.mods.fml.common.launcher.FMLTweaker, --tweakClass, net.minecraftforge.gradle.tweakers.CoremodTweaker]
[09:06:07] [main/INFO] [LaunchWrapper]: Loading tweak class name cpw.mods.fml.common.launcher.FMLTweaker
[09:06:07] [main/INFO] [LaunchWrapper]: Using primary tweak class name cpw.mods.fml.common.launcher.FMLTweaker
[09:06:07] [main/INFO] [LaunchWrapper]: Loading tweak class name net.minecraftforge.gradle.tweakers.CoremodTweaker
[09:06:07] [main/INFO] [LaunchWrapper]: Calling tweak class cpw.mods.fml.common.launcher.FMLTweaker
[09:43:23] [main/INFO] [GradleStart]: username: asolitarywolf
[09:43:23] [main/INFO] [GradleStart]: Extra: []
[09:43:23] [main/INFO] [GradleStart]: Running with arguments: [--userProperties, {}, --username, asolitarywolf, --accessToken, {REDACTED}, --assetIndex, 1.7.10, --assetsDir, C:/Users/Phil/.gradle/caches/minecraft/assets, --version, 1.7.10, --tweakClass, cpw.mods.fml.common.launcher.FMLTweaker, --tweakClass, net.minecraftforge.gradle.tweakers.CoremodTweaker]
[09:43:23] [main/INFO] [LaunchWrapper]: Loading tweak class name cpw.mods.fml.common.launcher.FMLTweaker
[09:43:23] [main/INFO] [LaunchWrapper]: Using primary tweak class name cpw.mods.fml.common.launcher.FMLTweaker
[09:43:23] [main/INFO] [LaunchWrapper]: Loading tweak class name net.minecraftforge.gradle.tweakers.CoremodTweaker
[09:43:23] [main/INFO] [LaunchWrapper]: Calling tweak class cpw.mods.fml.common.launcher.FMLTweaker
[10:32:16] [main/INFO] [GradleStart]: username: asolitarywolf
[10:32:16] [main/INFO] [GradleStart]: Extra: []
[10:32:17] [main/INFO] [GradleStart]: Running with arguments: [--userProperties, {}, --username, asolitarywolf, --accessToken, {REDACTED}, --assetIndex, 1.7.10, --assetsDir, C:/Users/Phil/.gradle/caches/minecraft/assets, --version, 1.7.10, --tweakClass, cpw.mods.fml.common.launcher.FMLTweaker, --tweakClass, net.minecraftforge.gradle.tweakers.CoremodTweaker]
[10:32:17] [main/INFO] [LaunchWrapper]: Loading tweak class name cpw.mods.fml.common.launcher.FMLTweaker
[10:32:17] [main/INFO] [LaunchWrapper]: Using primary tweak class name cpw.mods.fml.common.launcher.FMLTweaker
[10:32:17] [main/INFO] [LaunchWrapper]: Loading tweak class name net.minecraftforge.gradle.tweakers.CoremodTweaker
[10:32:17] [main/INFO] [LaunchWrapper]: Calling tweak class cpw.mods.fml.common.launcher.FMLTweaker
[10:34:11] [main/INFO] [GradleStart]: username: asolitarywolf
[10:34:11] [main/INFO] [GradleStart]: Extra: []
[10:34:11] [main/INFO] [GradleStart]: Running with arguments: [--userProperties, {}, --username, asolitarywolf, --accessToken, {REDACTED}, --assetIndex, 1.7.10, --assetsDir, C:/Users/Phil/.gradle/caches/minecraft/assets, --version, 1.7.10, --tweakClass, cpw.mods.fml.common.launcher.FMLTweaker, --tweakClass, net.minecraftforge.gradle.tweakers.CoremodTweaker]
[10:34:11] [main/INFO] [LaunchWrapper]: Loading tweak class name cpw.mods.fml.common.launcher.FMLTweaker
[10:34:11] [main/INFO] [LaunchWrapper]: Using primary tweak class name cpw.mods.fml.common.launcher.FMLTweaker
[10:34:11] [main/INFO] [LaunchWrapper]: Loading tweak class name net.minecraftforge.gradle.tweakers.CoremodTweaker
[10:34:11] [main/INFO] [LaunchWrapper]: Calling tweak class cpw.mods.fml.common.launcher.FMLTweaker
[10:36:49] [main/INFO] [GradleStart]: username: asolitarywolf
[10:36:49] [main/INFO] [GradleStart]: Extra: []
[10:36:50] [main/INFO] [GradleStart]: Running with arguments: [--userProperties, {}, --username, asolitarywolf, --accessToken, {REDACTED}, --assetIndex, 1.7.10, --assetsDir, C:/Users/Phil/.gradle/caches/minecraft/assets, --version, 1.7.10, --tweakClass, cpw.mods.fml.common.launcher.FMLTweaker, --tweakClass, net.minecraftforge.gradle.tweakers.CoremodTweaker]
[10:36:50] [main/INFO] [LaunchWrapper]: Loading tweak class name cpw.mods.fml.common.launcher.FMLTweaker
[10:36:50] [main/INFO] [LaunchWrapper]: Using primary tweak class name cpw.mods.fml.common.launcher.FMLTweaker
[10:36:50] [main/INFO] [LaunchWrapper]: Loading tweak class name net.minecraftforge.gradle.tweakers.CoremodTweaker
[10:36:50] [main/INFO] [LaunchWrapper]: Calling tweak class cpw.mods.fml.common.launcher.FMLTweaker
[10:38:21] [main/INFO] [GradleStart]: username: asolitarywolf
[10:38:21] [main/INFO] [GradleStart]: Extra: []
[10:38:21] [main/INFO] [GradleStart]: Running with arguments: [--userProperties, {}, --username, asolitarywolf, --accessToken, {REDACTED}, --assetIndex, 1.7.10, --assetsDir, C:/Users/Phil/.gradle/caches/minecraft/assets, --version, 1.7.10, --tweakClass, cpw.mods.fml.common.launcher.FMLTweaker, --tweakClass, net.minecraftforge.gradle.tweakers.CoremodTweaker]
[10:38:21] [main/INFO] [LaunchWrapper]: Loading tweak class name cpw.mods.fml.common.launcher.FMLTweaker
[10:38:21] [main/INFO] [LaunchWrapper]: Using primary tweak class name cpw.mods.fml.common.launcher.FMLTweaker
[10:38:21] [main/INFO] [LaunchWrapper]: Loading tweak class name net.minecraftforge.gradle.tweakers.CoremodTweaker
[10:38:21] [main/INFO] [LaunchWrapper]: Calling tweak class cpw.mods.fml.common.launcher.FMLTweaker
[10:39:10] [main/INFO] [GradleStart]: username: asolitarywolf
[10:39:10] [main/INFO] [GradleStart]: Extra: []
[10:39:10] [main/INFO] [GradleStart]: Running with arguments: [--userProperties, {}, --username, asolitarywolf, --accessToken, {REDACTED}, --assetIndex, 1.7.10, --assetsDir, C:/Users/Phil/.gradle/caches/minecraft/assets, --version, 1.7.10, --tweakClass, cpw.mods.fml.common.launcher.FMLTweaker, --tweakClass, net.minecraftforge.gradle.tweakers.CoremodTweaker]
[10:39:10] [main/INFO] [LaunchWrapper]: Loading tweak class name cpw.mods.fml.common.launcher.FMLTweaker
[10:39:10] [main/INFO] [LaunchWrapper]: Using primary tweak class name cpw.mods.fml.common.launcher.FMLTweaker
[10:39:10] [main/INFO] [LaunchWrapper]: Loading tweak class name net.minecraftforge.gradle.tweakers.CoremodTweaker
[10:39:10] [main/INFO] [LaunchWrapper]: Calling tweak class cpw.mods.fml.common.launcher.FMLTweaker
[10:49:49] [main/INFO] [GradleStart]: username: asolitarywolf
[10:49:49] [main/INFO] [GradleStart]: Extra: []
[10:49:49] [main/INFO] [GradleStart]: Running with arguments: [--userProperties, {}, --username, asolitarywolf, --accessToken, {REDACTED}, --assetIndex, 1.7.10, --assetsDir, C:/Users/Phil/.gradle/caches/minecraft/assets, --version, 1.7.10, --tweakClass, cpw.mods.fml.common.launcher.FMLTweaker, --tweakClass, net.minecraftforge.gradle.tweakers.CoremodTweaker]
[10:49:49] [main/INFO] [LaunchWrapper]: Loading tweak class name cpw.mods.fml.common.launcher.FMLTweaker
[10:49:49] [main/INFO] [LaunchWrapper]: Using primary tweak class name cpw.mods.fml.common.launcher.FMLTweaker
[10:49:49] [main/INFO] [LaunchWrapper]: Loading tweak class name net.minecraftforge.gradle.tweakers.CoremodTweaker
[10:49:49] [main/INFO] [LaunchWrapper]: Calling tweak class cpw.mods.fml.common.launcher.FMLTweaker
[11:13:24] [main/INFO] [GradleStart]: username: asolitarywolf
[11:13:24] [main/INFO] [GradleStart]: Extra: []
[11:13:24] [main/INFO] [GradleStart]: Running with arguments: [--userProperties, {}, --username, asolitarywolf, --accessToken, {REDACTED}, --assetIndex, 1.7.10, --assetsDir, C:/Users/Phil/.gradle/caches/minecraft/assets, --version, 1.7.10, --tweakClass, cpw.mods.fml.common.launcher.FMLTweaker, --tweakClass, net.minecraftforge.gradle.tweakers.CoremodTweaker]
[11:13:24] [main/INFO] [LaunchWrapper]: Loading tweak class name cpw.mods.fml.common.launcher.FMLTweaker
[11:13:24] [main/INFO] [LaunchWrapper]: Using primary tweak class name cpw.mods.fml.common.launcher.FMLTweaker
[11:13:24] [main/INFO] [LaunchWrapper]: Loading tweak class name net.minecraftforge.gradle.tweakers.CoremodTweaker
[11:13:24] [main/INFO] [LaunchWrapper]: Calling tweak class cpw.mods.fml.common.launcher.FMLTweaker
[11:17:34] [main/INFO] [GradleStart]: username: asolitarywolf
[11:17:34] [main/INFO] [GradleStart]: Extra: []
[11:17:34] [main/INFO] [GradleStart]: Running with arguments: [--userProperties, {}, --username, asolitarywolf, --accessToken, {REDACTED}, --assetIndex, 1.7.10, --assetsDir, C:/Users/Phil/.gradle/caches/minecraft/assets, --version, 1.7.10, --tweakClass, cpw.mods.fml.common.launcher.FMLTweaker, --tweakClass, net.minecraftforge.gradle.tweakers.CoremodTweaker]
[11:17:34] [main/INFO] [LaunchWrapper]: Loading tweak class name cpw.mods.fml.common.launcher.FMLTweaker
[11:17:34] [main/INFO] [LaunchWrapper]: Using primary tweak class name cpw.mods.fml.common.launcher.FMLTweaker
[11:17:34] [main/INFO] [LaunchWrapper]: Loading tweak class name net.minecraftforge.gradle.tweakers.CoremodTweaker
[11:17:34] [main/INFO] [LaunchWrapper]: Calling tweak class cpw.mods.fml.common.launcher.FMLTweaker
[11:25:00] [main/INFO] [GradleStart]: username: asolitarywolf
[11:25:00] [main/INFO] [GradleStart]: Extra: []
[11:25:00] [main/INFO] [GradleStart]: Running with arguments: [--userProperties, {}, --username, asolitarywolf, --accessToken, {REDACTED}, --assetIndex, 1.7.10, --assetsDir, C:/Users/Phil/.gradle/caches/minecraft/assets, --version, 1.7.10, --tweakClass, cpw.mods.fml.common.launcher.FMLTweaker, --tweakClass, net.minecraftforge.gradle.tweakers.CoremodTweaker]
[11:25:01] [main/INFO] [LaunchWrapper]: Loading tweak class name cpw.mods.fml.common.launcher.FMLTweaker
[11:25:01] [main/INFO] [LaunchWrapper]: Using primary tweak class name cpw.mods.fml.common.launcher.FMLTweaker
[11:25:01] [main/INFO] [LaunchWrapper]: Loading tweak class name net.minecraftforge.gradle.tweakers.CoremodTweaker
[11:25:01] [main/INFO] [LaunchWrapper]: Calling tweak class cpw.mods.fml.common.launcher.FMLTweaker
