[12:29:27] [main/INFO]: Setting user: asolitarywolf
[12:29:29] [Client thread/INFO]: LWJGL Version: 2.9.1
[12:29:36] [Client thread/INFO]: Reloading ResourceManager: Default, FMLFileResourcePack:Forge Mod Loader, FMLFileResourcePack:Minecraft Forge, FMLFileResourcePack:Simply Another Mod
[12:29:36] [Client thread/WARN]: ResourcePack: ignored non-lowercase namespace: SimplyAnotherMod/ in C:\MCPROJECTS\Minecraft\1.7.10\SimplyAnotherMod\out\production\SimplyAnotherMod
[12:29:37] [Sound Library Loader/INFO]: Sound engine started
[12:29:39] [Client thread/INFO]: Created: 512x256 textures/blocks-atlas
[12:29:39] [Client thread/INFO]: Created: 256x256 textures/items-atlas
[12:29:39] [Client thread/INFO]: Reloading ResourceManager: Default, FMLFileResourcePack:Forge Mod Loader, FMLFileResourcePack:Minecraft Forge, FMLFileResourcePack:Simply Another Mod
[12:29:39] [Client thread/WARN]: ResourcePack: ignored non-lowercase namespace: SimplyAnotherMod/ in C:\MCPROJECTS\Minecraft\1.7.10\SimplyAnotherMod\out\production\SimplyAnotherMod
[12:29:39] [Client thread/INFO]: Created: 256x256 textures/items-atlas
[12:29:40] [Client thread/INFO]: Created: 512x256 textures/blocks-atlas
[12:29:40] [Sound Library Loader/INFO]: Sound engine started
[12:29:46] [Server thread/INFO]: Starting integrated minecraft server version 1.7.10
[12:29:46] [Server thread/INFO]: Generating keypair
[12:29:46] [Server thread/INFO]: Preparing start region for level 0
[12:29:47] [Server thread/INFO]: Preparing spawn area: 50%
[12:29:48] [Server thread/INFO]: Changing view distance to 12, from 10
[12:29:48] [Server thread/INFO]: asolitarywolf[local:E:16cf2bec] logged in with entity id 342 at (28.5, 70.0, 300.5)
[12:29:48] [Server thread/INFO]: asolitarywolf joined the game
[12:30:08] [Server thread/INFO]: Saving and pausing game...
[12:30:08] [Server thread/INFO]: Saving chunks for level 'New World'/Overworld
[12:30:08] [Server thread/INFO]: Saving chunks for level 'New World'/Nether
[12:30:08] [Server thread/INFO]: Saving chunks for level 'New World'/The End
[12:30:10] [Server thread/INFO]: Stopping server
[12:30:10] [Server thread/INFO]: Saving players
[12:30:10] [Server thread/INFO]: Saving worlds
[12:30:10] [Server thread/INFO]: Saving chunks for level 'New World'/Overworld
[12:30:10] [Server thread/INFO]: Saving chunks for level 'New World'/Nether
[12:30:10] [Server thread/INFO]: Saving chunks for level 'New World'/The End
[12:30:12] [Client thread/INFO]: Stopping!
